0 info it worked if it ends with ok
1 verbose cli [ 'node', '/usr/local/bin/npm', 'uninstall', '-g', 'bower' ]
2 info using npm@1.4.28
3 info using node@v0.10.33
4 verbose lib/node_modules/bower unbuild
5 info preuninstall bower@1.3.12
6 info uninstall bower@1.3.12
7 verbose true,/usr/local/lib/node_modules,/usr/local/lib/node_modules unbuild bower@1.3.12
8 verbose /usr/local/bin,[object Object] binRoot
9 info postuninstall bower@1.3.12
10 error Error: EACCES, unlink '/usr/local/lib/node_modules/bower'
10 error  { [Error: EACCES, unlink '/usr/local/lib/node_modules/bower']
10 error   errno: 3,
10 error   code: 'EACCES',
10 error   path: '/usr/local/lib/node_modules/bower' }
11 error Please try running this command again as root/Administrator.
12 error System Darwin 14.0.0
13 error command "node" "/usr/local/bin/npm" "uninstall" "-g" "bower"
14 error cwd /Users/kellytan/Documents/Kelly's Documents/College/Other/Clubs/WiCS/WiCS_Website
15 error node -v v0.10.33
16 error npm -v 1.4.28
17 error path /usr/local/lib/node_modules/bower
18 error code EACCES
19 error errno 3
20 error stack Error: EACCES, unlink '/usr/local/lib/node_modules/bower'
21 verbose exit [ 3, true ]
